[0m12:58:15.788762 [debug] [MainThread]: Sending event: {'category': 'dbt', 'action': 'invocation', 'label': 'start', 'context': [<snowplow_tracker.self_describing_json.SelfDescribingJson object at 0x0000022B1DD2AD30>, <snowplow_tracker.self_describing_json.SelfDescribingJson object at 0x0000022B1FFEAC10>, <snowplow_tracker.self_describing_json.SelfDescribingJson object at 0x0000022B1FFEAE50>]}


============================== 12:58:15.796626 | 84348b85-0977-4418-9dc3-cc78a838e2b7 ==============================
[0m12:58:15.796626 [info ] [MainThread]: Running with dbt=1.10.21
[0m12:58:15.797627 [debug] [MainThread]: running dbt with arguments {'debug': 'False', 'fail_fast': 'False', 'log_cache_events': 'False', 'send_anonymous_usage_stats': 'True', 'warn_error_options': 'WarnErrorOptionsV2(error=[], warn=[], silence=[])', 'cache_selected_only': 'False', 'target_path': 'None', 'invocation_command': 'dbt init --skip-profile-setup airbnb', 'version_check': 'True', 'empty': 'None', 'printer_width': '80', 'partial_parse': 'True', 'introspect': 'True', 'quiet': 'False', 'warn_error': 'None', 'write_json': 'True', 'log_path': 'logs', 'log_format': 'default', 'no_print': 'None', 'static_parser': 'True', 'profiles_dir': 'C:\\Users\\alokp\\.dbt', 'use_experimental_parser': 'False', 'use_colors': 'True', 'indirect_selection': 'eager'}
[0m12:58:15.839833 [info ] [MainThread]: Creating dbt configuration folder at C:\Users\alokp\.dbt
[0m12:58:15.845871 [debug] [MainThread]: Starter project path: c:\users\alokp\appdata\local\programs\python\python39\lib\site-packages\dbt\include\starter_project
[0m12:58:15.973792 [info ] [MainThread]: 
Your new dbt project "airbnb" was created!

For more information on how to configure the profiles.yml file,
please consult the dbt documentation here:

  https://docs.getdbt.com/docs/configure-your-profile

One more thing:

Need help? Don't hesitate to reach out to us via GitHub issues or on Slack:

  https://community.getdbt.com/

Happy modeling!

[0m12:58:15.975759 [debug] [MainThread]: Command `dbt init` succeeded at 12:58:15.975759 after 0.37 seconds
[0m12:58:15.977971 [debug] [MainThread]: Sending event: {'category': 'dbt', 'action': 'invocation', 'label': 'end', 'context': [<snowplow_tracker.self_describing_json.SelfDescribingJson object at 0x0000022B1DD2AD30>, <snowplow_tracker.self_describing_json.SelfDescribingJson object at 0x0000022B1FFEA880>, <snowplow_tracker.self_describing_json.SelfDescribingJson object at 0x0000022B1FFEAC10>]}
[0m12:58:15.978776 [debug] [MainThread]: Flushing usage events
[0m12:58:16.482627 [debug] [MainThread]: An error was encountered while trying to flush usage events
[0m13:03:09.608723 [debug] [MainThread]: Sending event: {'category': 'dbt', 'action': 'invocation', 'label': 'start', 'context': [<snowplow_tracker.self_describing_json.SelfDescribingJson object at 0x00000256E4B69D30>, <snowplow_tracker.self_describing_json.SelfDescribingJson object at 0x00000256E6E2CD30>, <snowplow_tracker.self_describing_json.SelfDescribingJson object at 0x00000256E6E2CF40>]}


============================== 13:03:09.614195 | c4d57029-104f-4ee8-b99a-e6749c254a0a ==============================
[0m13:03:09.614195 [info ] [MainThread]: Running with dbt=1.10.21
[0m13:03:09.615421 [debug] [MainThread]: running dbt with arguments {'fail_fast': 'False', 'debug': 'False', 'log_cache_events': 'False', 'send_anonymous_usage_stats': 'True', 'warn_error_options': 'WarnErrorOptionsV2(error=[], warn=[], silence=[])', 'cache_selected_only': 'False', 'no_print': 'None', 'target_path': 'None', 'version_check': 'True', 'empty': 'None', 'printer_width': '80', 'partial_parse': 'True', 'log_path': 'logs', 'introspect': 'True', 'warn_error': 'None', 'write_json': 'True', 'log_format': 'default', 'invocation_command': 'dbt debug', 'quiet': 'False', 'static_parser': 'True', 'profiles_dir': 'C:\\Users\\alokp\\.dbt', 'use_experimental_parser': 'False', 'use_colors': 'True', 'indirect_selection': 'eager'}
[0m13:03:09.667537 [info ] [MainThread]: dbt version: 1.10.21
[0m13:03:09.668546 [info ] [MainThread]: python version: 3.9.5
[0m13:03:09.668546 [info ] [MainThread]: python path: c:\users\alokp\appdata\local\programs\python\python39\python.exe
[0m13:03:09.675122 [info ] [MainThread]: os info: Windows-10-10.0.22631-SP0
[0m13:03:14.852167 [info ] [MainThread]: Using profiles dir at C:\Users\alokp\.dbt
[0m13:03:14.854175 [info ] [MainThread]: Using profiles.yml file at C:\Users\alokp\.dbt\profiles.yml
[0m13:03:14.855186 [info ] [MainThread]: Using dbt_project.yml file at C:\Users\alokp\dtbcouse\course\dbt_project.yml
[0m13:03:14.858169 [info ] [MainThread]: adapter type: snowflake
[0m13:03:14.859676 [info ] [MainThread]: adapter version: 1.10.2
[0m13:03:14.860685 [info ] [MainThread]: Configuration:
[0m13:03:14.862030 [info ] [MainThread]:   profiles.yml file [[32mOK found and valid[0m]
[0m13:03:14.862030 [info ] [MainThread]:   dbt_project.yml file [[31mERROR not found[0m]
[0m13:03:14.864028 [info ] [MainThread]: Required dependencies:
[0m13:03:14.865032 [debug] [MainThread]: Executing "git --help"
[0m13:03:14.962821 [debug] [MainThread]: STDOUT: "b"usage: git [-v | --version] [-h | --help] [-C <path>] [-c <name>=<value>]\n           [--exec-path[=<path>]] [--html-path] [--man-path] [--info-path]\n           [-p | --paginate | -P | --no-pager] [--no-replace-objects] [--no-lazy-fetch]\n           [--no-optional-locks] [--no-advice] [--bare] [--git-dir=<path>]\n           [--work-tree=<path>] [--namespace=<name>] [--config-env=<name>=<envvar>]\n           <command> [<args>]\n\nThese are common Git commands used in various situations:\n\nstart a working area (see also: git help tutorial)\n   clone      Clone a repository into a new directory\n   init       Create an empty Git repository or reinitialize an existing one\n\nwork on the current change (see also: git help everyday)\n   add        Add file contents to the index\n   mv         Move or rename a file, a directory, or a symlink\n   restore    Restore working tree files\n   rm         Remove files from the working tree and from the index\n\nexamine the history and state (see also: git help revisions)\n   bisect     Use binary search to find the commit that introduced a bug\n   diff       Show changes between commits, commit and working tree, etc\n   grep       Print lines matching a pattern\n   log        Show commit logs\n   show       Show various types of objects\n   status     Show the working tree status\n\ngrow, mark and tweak your common history\n   backfill   Download missing objects in a partial clone\n   branch     List, create, or delete branches\n   commit     Record changes to the repository\n   history    EXPERIMENTAL: Rewrite history\n   merge      Join two or more development histories together\n   rebase     Reapply commits on top of another base tip\n   reset      Set `HEAD` or the index to a known state\n   switch     Switch branches\n   tag        Create, list, delete or verify tags\n\ncollaborate (see also: git help workflows)\n   fetch      Download objects and refs from another repository\n   pull       Fetch from and integrate with another repository or a local branch\n   push       Update remote refs along with associated objects\n\n'git help -a' and 'git help -g' list available subcommands and some\nconcept guides. See 'git help <command>' or 'git help <concept>'\nto read about a specific subcommand or concept.\nSee 'git help git' for an overview of the system.\n""
[0m13:03:14.963824 [debug] [MainThread]: STDERR: "b''"
[0m13:03:14.963824 [info ] [MainThread]:  - git [[32mOK found[0m]

[0m13:03:14.964820 [info ] [MainThread]: Connection:
[0m13:03:14.965826 [info ] [MainThread]:   account: STQTCFJ-AB07180
[0m13:03:14.965826 [info ] [MainThread]:   user: dbt
[0m13:03:14.967333 [info ] [MainThread]:   database: AIRBNB
[0m13:03:14.967333 [info ] [MainThread]:   warehouse: None
[0m13:03:14.968347 [info ] [MainThread]:   role: TRANSFORM
[0m13:03:14.968347 [info ] [MainThread]:   schema: dev
[0m13:03:14.970917 [info ] [MainThread]:   authenticator: None
[0m13:03:14.975111 [info ] [MainThread]:   oauth_client_id: None
[0m13:03:14.976130 [info ] [MainThread]:   query_tag: None
[0m13:03:14.978632 [info ] [MainThread]:   client_session_keep_alive: False
[0m13:03:14.980738 [info ] [MainThread]:   host: None
[0m13:03:14.981878 [info ] [MainThread]:   port: None
[0m13:03:14.982750 [info ] [MainThread]:   proxy_host: None
[0m13:03:14.982750 [info ] [MainThread]:   proxy_port: None
[0m13:03:14.984258 [info ] [MainThread]:   protocol: None
[0m13:03:14.985266 [info ] [MainThread]:   connect_retries: 1
[0m13:03:14.985266 [info ] [MainThread]:   connect_timeout: None
[0m13:03:14.987283 [info ] [MainThread]:   retry_on_database_errors: False
[0m13:03:14.989795 [info ] [MainThread]:   retry_all: False
[0m13:03:14.991876 [info ] [MainThread]:   insecure_mode: False
[0m13:03:14.993869 [info ] [MainThread]:   reuse_connections: True
[0m13:03:14.995867 [info ] [MainThread]:   s3_stage_vpce_dns_name: None
[0m13:03:14.997887 [info ] [MainThread]: Registered adapter: snowflake=1.10.2
[0m13:03:16.185552 [debug] [MainThread]: Acquiring new snowflake connection 'debug'
[0m13:03:20.984218 [debug] [MainThread]: Using snowflake connection "debug"
[0m13:03:20.984745 [debug] [MainThread]: On debug: select 1 as id
[0m13:03:20.984745 [debug] [MainThread]: Opening a new connection, currently in state init
[0m13:03:23.563896 [debug] [MainThread]: SQL status: SUCCESS 1 in 2.579 seconds
[0m13:03:23.565924 [info ] [MainThread]:   Connection test: [[32mOK connection ok[0m]

[0m13:03:23.567433 [info ] [MainThread]: [31m1 check failed:[0m
[0m13:03:23.568465 [info ] [MainThread]: Project loading failed for the following reason:
 project path <C:\Users\alokp\dtbcouse\course\dbt_project.yml> not found

[0m13:03:23.577350 [debug] [MainThread]: Command `dbt debug` failed at 13:03:23.576198 after 14.12 seconds
[0m13:03:23.578364 [debug] [MainThread]: Connection 'debug' was left open.
[0m13:03:23.579874 [debug] [MainThread]: On debug: Close
[0m13:03:23.701036 [debug] [MainThread]: Sending event: {'category': 'dbt', 'action': 'invocation', 'label': 'end', 'context': [<snowplow_tracker.self_describing_json.SelfDescribingJson object at 0x00000256E4B69D30>, <snowplow_tracker.self_describing_json.SelfDescribingJson object at 0x00000256F81C2A30>, <snowplow_tracker.self_describing_json.SelfDescribingJson object at 0x00000256F833D310>]}
[0m13:03:23.702051 [debug] [MainThread]: Flushing usage events
[0m13:03:24.165415 [debug] [MainThread]: An error was encountered while trying to flush usage events
